<?xml version="1.0" encoding="UTF-8"?>
<!-- Generated by org.testng.reporters.JUnitXMLReporter -->
<testsuite ignored="0" hostname="santhoshkumar" failures="3" tests="6" name="Default test" time="178.117" errors="0" timestamp="2026-01-26T13:48:33 IST">
  <testcase classname="io.cucumber.testng.AbstractTestNGCucumberTests" name="runScenario" time="125.735"/>
  <testcase classname="io.cucumber.testng.AbstractTestNGCucumberTests" name="runScenario" time="7.846"/>
  <testcase classname="io.cucumber.testng.AbstractTestNGCucumberTests" name="runScenario" time="7.147"/>
  <testcase classname="io.cucumber.testng.AbstractTestNGCucumberTests" name="runScenario" time="6.243">
    <failure type="io.cucumber.testng.UndefinedStepException" message="The step &amp;apos;url to be loaded properly&amp;apos; is undefined.
You can implement this step using the snippet(s) below:

@Given(&amp;quot;url to be loaded properly&amp;quot;)
public void url_to_be_loaded_properly() {
    // Write code here that turns the phrase above into concrete actions
    throw new io.cucumber.java.PendingException();
}
">
      <![CDATA[io.cucumber.testng.UndefinedStepException: The step 'url to be loaded properly' is undefined.
You can implement this step using the snippet(s) below:

@Given("url to be loaded properly")
public void url_to_be_loaded_properly() {
    // Write code here that turns the phrase above into concrete actions
    throw new io.cucumber.java.PendingException();
}

at ✽.url to be loaded properly(file:///D:/eclipse-workspace/demowebshotautomation/src/test/resources/features/RegisterPageTestFeature.feature:5)
]]>
    </failure>
  </testcase> <!-- runScenario -->
  <testcase classname="io.cucumber.testng.AbstractTestNGCucumberTests" name="runScenario" time="6.696">
    <failure type="io.cucumber.testng.UndefinedStepException" message="The step &amp;apos;url to be loaded properly&amp;apos; is undefined.
You can implement this step using the snippet(s) below:

@Given(&amp;quot;url to be loaded properly&amp;quot;)
public void url_to_be_loaded_properly() {
    // Write code here that turns the phrase above into concrete actions
    throw new io.cucumber.java.PendingException();
}
">
      <![CDATA[io.cucumber.testng.UndefinedStepException: The step 'url to be loaded properly' is undefined.
You can implement this step using the snippet(s) below:

@Given("url to be loaded properly")
public void url_to_be_loaded_properly() {
    // Write code here that turns the phrase above into concrete actions
    throw new io.cucumber.java.PendingException();
}

at ✽.url to be loaded properly(file:///D:/eclipse-workspace/demowebshotautomation/src/test/resources/features/RegisterPageTestFeature.feature:14)
]]>
    </failure>
  </testcase> <!-- runScenario -->
  <testcase classname="io.cucumber.testng.AbstractTestNGCucumberTests" name="runScenario" time="22.238">
    <failure type="io.cucumber.testng.UndefinedStepException" message="The step &amp;apos;User has to landed over to the login page&amp;apos; is undefined.
You can implement this step using the snippet(s) below:

@Given(&amp;quot;User has to landed over to the login page&amp;quot;)
public void user_has_to_landed_over_to_the_login_page() {
    // Write code here that turns the phrase above into concrete actions
    throw new io.cucumber.java.PendingException();
}
">
      <![CDATA[io.cucumber.testng.UndefinedStepException: The step 'User has to landed over to the login page' is undefined.
You can implement this step using the snippet(s) below:

@Given("User has to landed over to the login page")
public void user_has_to_landed_over_to_the_login_page() {
    // Write code here that turns the phrase above into concrete actions
    throw new io.cucumber.java.PendingException();
}

at ✽.User has to landed over to the login page(file:///D:/eclipse-workspace/demowebshotautomation/src/test/resources/features/SocialMedia.feature:4)
]]>
    </failure>
  </testcase> <!-- runScenario -->
</testsuite> <!-- Default test -->
