<?xml version="1.0" encoding="UTF-8"?>
<!-- Generated by org.testng.reporters.JUnitXMLReporter -->
<testsuite ignored="0" hostname="santhoshkumar" failures="0" tests="10" name="registerpage test" time="119.135" errors="0" timestamp="2026-02-16T09:20:08 IST">
  <testcase classname="testcases.RegisterPageTestCases" name="registerPageActions" time="3.725"/>
  <testcase classname="testcases.RegisterPageTestCases" name="registerPageActions" time="3.302"/>
  <testcase classname="testcases.RegisterPageTestCases" name="registerPageActions" time="3.428"/>
  <testcase classname="testcases.RegisterPageTestCases" name="registerPageActions" time="3.12"/>
  <testcase classname="testcases.RegisterPageTestCases" name="registerPageActions" time="7.748"/>
  <testcase classname="testcases.RegisterPageTestCases" name="registerPageActions" time="3.267"/>
  <testcase classname="testcases.RegisterPageTestCases" name="registerPageActions" time="3.39"/>
  <testcase classname="testcases.RegisterPageTestCases" name="registerPageActions" time="3.512"/>
  <testcase classname="testcases.RegisterPageTestCases" name="registerPageActions" time="4.785"/>
  <testcase classname="testcases.RegisterPageTestCases" name="registerPageActions" time="3.37"/>
</testsuite> <!-- registerpage test -->
