<?xml version="1.0" encoding="UTF-8"?>
<testng-results ignored="0" total="2" passed="2" failed="0" skipped="0">
  <reporter-output>
  </reporter-output>
  <suite started-at="2026-01-17T17:24:20 IST" name="Surefire suite" finished-at="2026-01-17T17:24:54 IST" duration-ms="34410">
    <groups>
      <group name="cucumber">
        <method signature="AbstractTestNGCucumberTests.runScenario(io.cucumber.testng.PickleWrapper,io.cucumber.testng.FeatureWrapper)[pri:0, instance:runners.TestRunner@bff34c6]" name="runScenario" class="io.cucumber.testng.AbstractTestNGCucumberTests"/>
      </group> <!-- cucumber -->
    </groups>
    <test started-at="2026-01-17T17:24:20 IST" name="Surefire test" finished-at="2026-01-17T17:24:54 IST" duration-ms="34410">
      <class name="runners.TestRunner">
        <test-method is-config="true" signature="setUpClass(org.testng.ITestContext)[pri:0, instance:runners.TestRunner@bff34c6]" started-at="2026-01-17T17:24:20 IST" name="setUpClass" finished-at="2026-01-17T17:24:22 IST" duration-ms="2146" status="PASS">
          <params>
            <param index="0">
              <value>
                <![CDATA[org.testng.TestRunner@6658f08a]]>
              </value>
            </param>
          </params>
          <reporter-output>
          </reporter-output>
        </test-method> <!-- setUpClass -->
        <test-method signature="runScenario(io.cucumber.testng.PickleWrapper,io.cucumber.testng.FeatureWrapper)[pri:0, instance:runners.TestRunner@bff34c6]" started-at="2026-01-17T17:24:22 IST" name="runScenario" description="Runs Cucumber Scenarios" data-provider="scenarios" finished-at="2026-01-17T17:24:44 IST" duration-ms="22231" status="PASS">
          <params>
            <param index="0">
              <value>
                <![CDATA["Login with valid creds"]]>
              </value>
            </param>
            <param index="1">
              <value>
                <![CDATA["testing the login feature"]]>
              </value>
            </param>
          </params>
          <reporter-output>
          </reporter-output>
        </test-method> <!-- runScenario -->
        <test-method signature="runScenario(io.cucumber.testng.PickleWrapper,io.cucumber.testng.FeatureWrapper)[pri:0, instance:runners.TestRunner@bff34c6]" started-at="2026-01-17T17:24:44 IST" name="runScenario" description="Runs Cucumber Scenarios" data-provider="scenarios" finished-at="2026-01-17T17:24:54 IST" duration-ms="9893" status="PASS">
          <params>
            <param index="0">
              <value>
                <![CDATA["Login with Invalid creds"]]>
              </value>
            </param>
            <param index="1">
              <value>
                <![CDATA["testing the login feature"]]>
              </value>
            </param>
          </params>
          <reporter-output>
          </reporter-output>
        </test-method> <!-- runScenario -->
        <test-method is-config="true" signature="tearDownClass()[pri:0, instance:runners.TestRunner@bff34c6]" started-at="2026-01-17T17:24:54 IST" name="tearDownClass" finished-at="2026-01-17T17:24:54 IST" duration-ms="5" status="PASS">
          <reporter-output>
          </reporter-output>
        </test-method> <!-- tearDownClass -->
      </class> <!-- runners.TestRunner -->
    </test> <!-- Surefire test -->
  </suite> <!-- Surefire suite -->
</testng-results>
