<?xml version="1.0" encoding="UTF-8"?>
<testsuite xmlns:xsi="http://www.w3.org/2001/XMLSchema-instance" xsi:noNamespaceSchemaLocation="https://maven.apache.org/surefire/maven-surefire-plugin/xsd/surefire-test-report.xsd" version="3.0.2" name="runners.TestRunner" time="35.994" tests="2" errors="0" skipped="0" failures="0">
  <properties>
[...]
</properties>
  <testcase name="runScenario[&quot;Login with valid creds&quot;, &quot;testing the login feature&quot;](1)" classname="runners.TestRunner" time="22.234">
    <system-out><![CDATA[
&amp#27;[1mScenario Outline:&amp#27;[22m Login with valid creds                      &amp#27;[90m# src/test/resources/features/LoginTestFeature.feature:12&amp#27;[39m
  &amp#27;[32m✔&amp#27;[39m &amp#27;[32m&amp#27;[1mGiven &amp#27;[22mGet the url and open in browser&amp#27;[39m                     &amp#27;[90m# stepDefinitions.LoginPageTestDefinitions.get_the_url_and_open_in_browser()&amp#27;[39m
  &amp#27;[32m✔&amp#27;[39m &amp#27;[32m&amp#27;[1mWhen &amp#27;[22mUser enters valid the &amp#27;[1m"kumar@sandy.com"&amp#27;[22m &amp#27;[1m"Saibaba1@3"&amp#27;[22m&amp#27;[39m &amp#27;[90m# stepDefinitions.LoginPageTestDefinitions.enterEmailAndPassword(java.lang.String,java.lang.String)&amp#27;[39m
user logged in successfully
  &amp#27;[32m✔&amp#27;[39m &amp#27;[32m&amp#27;[1mThen &amp#27;[22mUser able to login successfully&amp#27;[39m                      &amp#27;[90m# stepDefinitions.LoginPageTestDefinitions.userLoggedInSuccessfully()&amp#27;[39m
]]></system-out>
    <system-err><![CDATA[SLF4J(W): No SLF4J providers were found.
SLF4J(W): Defaulting to no-operation (NOP) logger implementation
SLF4J(W): See https://www.slf4j.org/codes.html#noProviders for further details.
]]></system-err>
  </testcase>
  <testcase name="runScenario[&quot;Login with Invalid creds&quot;, &quot;testing the login feature&quot;](2)" classname="runners.TestRunner" time="9.88">
    <system-out><![CDATA[
&amp#27;[1mScenario Outline:&amp#27;[22m Login with Invalid creds                        &amp#27;[90m# src/test/resources/features/LoginTestFeature.feature:20&amp#27;[39m
  &amp#27;[32m✔&amp#27;[39m &amp#27;[32m&amp#27;[1mGiven &amp#27;[22mGet the url and open in browser&amp#27;[39m                         &amp#27;[90m# stepDefinitions.LoginPageTestDefinitions.get_the_url_and_open_in_browser()&amp#27;[39m
  &amp#27;[32m✔&amp#27;[39m &amp#27;[32m&amp#27;[1mWhen &amp#27;[22mUser enters the invalid &amp#27;[1m"kumassr@sandy.com"&amp#27;[22m &amp#27;[1m"Saibaba1@3"&amp#27;[22m&amp#27;[39m &amp#27;[90m# stepDefinitions.LoginPageTestDefinitions.entersInvalidEmailAndPassword(java.lang.String,java.lang.String)&amp#27;[39m
user logged-in is failed
  &amp#27;[32m✔&amp#27;[39m &amp#27;[32m&amp#27;[1mThen &amp#27;[22mUser should not be able login&amp#27;[39m                            &amp#27;[90m# stepDefinitions.LoginPageTestDefinitions.loginFailed()&amp#27;[39m
]]></system-out>
  </testcase>
</testsuite>