<?xml version="1.0" encoding="UTF-8"?>
<testng-results ignored="0" total="2" passed="2" failed="0" skipped="0">
  <reporter-output>
  </reporter-output>
  <suite started-at="2026-01-17T14:26:24 IST" name="Default suite" finished-at="2026-01-17T14:26:55 IST" duration-ms="30779">
    <groups>
      <group name="cucumber">
        <method signature="AbstractTestNGCucumberTests.runScenario(io.cucumber.testng.PickleWrapper,io.cucumber.testng.FeatureWrapper)[pri:0, instance:runners.TestRunner@a5b0b86]" name="runScenario" class="io.cucumber.testng.AbstractTestNGCucumberTests"/>
      </group> <!-- cucumber -->
    </groups>
    <test started-at="2026-01-17T14:26:24 IST" name="Default test" finished-at="2026-01-17T14:26:55 IST" duration-ms="30779">
      <class name="runners.TestRunner">
        <test-method is-config="true" signature="setUpClass(org.testng.ITestContext)[pri:0, instance:runners.TestRunner@a5b0b86]" started-at="2026-01-17T14:26:24 IST" name="setUpClass" finished-at="2026-01-17T14:26:26 IST" duration-ms="2058" status="PASS">
          <params>
            <param index="0">
              <value>
                <![CDATA[org.testng.TestRunner@7d61468c]]>
              </value>
            </param>
          </params>
          <reporter-output>
          </reporter-output>
        </test-method> <!-- setUpClass -->
        <test-method signature="runScenario(io.cucumber.testng.PickleWrapper,io.cucumber.testng.FeatureWrapper)[pri:0, instance:runners.TestRunner@a5b0b86]" started-at="2026-01-17T14:26:26 IST" name="runScenario" description="Runs Cucumber Scenarios" data-provider="scenarios" finished-at="2026-01-17T14:26:45 IST" duration-ms="18864" status="PASS">
          <params>
            <param index="0">
              <value>
                <![CDATA["Login with valid creds"]]>
              </value>
            </param>
            <param index="1">
              <value>
                <![CDATA["testing the login feature"]]>
              </value>
            </param>
          </params>
          <reporter-output>
          </reporter-output>
        </test-method> <!-- runScenario -->
        <test-method signature="runScenario(io.cucumber.testng.PickleWrapper,io.cucumber.testng.FeatureWrapper)[pri:0, instance:runners.TestRunner@a5b0b86]" started-at="2026-01-17T14:26:45 IST" name="runScenario" description="Runs Cucumber Scenarios" data-provider="scenarios" finished-at="2026-01-17T14:26:55 IST" duration-ms="9659" status="PASS">
          <params>
            <param index="0">
              <value>
                <![CDATA["Login with Invalid creds"]]>
              </value>
            </param>
            <param index="1">
              <value>
                <![CDATA["testing the login feature"]]>
              </value>
            </param>
          </params>
          <reporter-output>
          </reporter-output>
        </test-method> <!-- runScenario -->
        <test-method is-config="true" signature="tearDownClass()[pri:0, instance:runners.TestRunner@a5b0b86]" started-at="2026-01-17T14:26:55 IST" name="tearDownClass" finished-at="2026-01-17T14:26:55 IST" duration-ms="8" status="PASS">
          <reporter-output>
          </reporter-output>
        </test-method> <!-- tearDownClass -->
      </class> <!-- runners.TestRunner -->
    </test> <!-- Default test -->
  </suite> <!-- Default suite -->
</testng-results>
