<?xml version="1.0" encoding="UTF-8"?>
<testng-results ignored="0" total="2" passed="2" failed="0" skipped="0">
  <reporter-output>
  </reporter-output>
  <suite started-at="2026-03-26T23:27:40 IST" name="registerpage suite" finished-at="2026-03-26T23:27:56 IST" duration-ms="16009">
    <groups>
    </groups>
    <test started-at="2026-03-26T23:27:40 IST" name="registerpage test" finished-at="2026-03-26T23:27:56 IST" duration-ms="16009">
      <class name="testcases.RegisterPageTestCases">
        <test-method is-config="true" signature="launchBrowser()[pri:0, instance:testcases.RegisterPageTestCases@169e6180]" started-at="2026-03-26T23:27:41 IST" name="launchBrowser" finished-at="2026-03-26T23:27:48 IST" duration-ms="7077" status="PASS">
          <reporter-output>
          </reporter-output>
        </test-method> <!-- launchBrowser -->
        <test-method signature="registerPageActions(java.lang.String,java.lang.String,java.lang.String,java.lang.String,java.lang.String)[pri:1, instance:testcases.RegisterPageTestCases@169e6180]" started-at="2026-03-26T23:27:50 IST" name="registerPageActions" data-provider="Exceldata" finished-at="2026-03-26T23:27:53 IST" duration-ms="2697" status="PASS">
          <params>
            <param index="0">
              <value>
                <![CDATA[joseph]]>
              </value>
            </param>
            <param index="1">
              <value>
                <![CDATA[murphy]]>
              </value>
            </param>
            <param index="2">
              <value>
                <![CDATA[kuga@g.com]]>
              </value>
            </param>
            <param index="3">
              <value>
                <![CDATA[Saibaba1@4]]>
              </value>
            </param>
            <param index="4">
              <value>
                <![CDATA[Saibaba1@4]]>
              </value>
            </param>
          </params>
          <reporter-output>
          </reporter-output>
        </test-method> <!-- registerPageActions -->
        <test-method signature="registerPageActions(java.lang.String,java.lang.String,java.lang.String,java.lang.String,java.lang.String)[pri:1, instance:testcases.RegisterPageTestCases@169e6180]" started-at="2026-03-26T23:27:53 IST" name="registerPageActions" data-provider="Exceldata" finished-at="2026-03-26T23:27:55 IST" duration-ms="2462" status="PASS">
          <params>
            <param index="0">
              <value>
                <![CDATA[akash]]>
              </value>
            </param>
            <param index="1">
              <value>
                <![CDATA[m12]]>
              </value>
            </param>
            <param index="2">
              <value>
                <![CDATA[kuga1@g.con]]>
              </value>
            </param>
            <param index="3">
              <value>
                <![CDATA[Saibaba1@5]]>
              </value>
            </param>
            <param index="4">
              <value>
                <![CDATA[Saibaba1@5]]>
              </value>
            </param>
          </params>
          <reporter-output>
          </reporter-output>
        </test-method> <!-- registerPageActions -->
        <test-method is-config="true" signature="quit()[pri:0, instance:testcases.RegisterPageTestCases@169e6180]" started-at="2026-03-26T23:27:55 IST" name="quit" finished-at="2026-03-26T23:27:56 IST" duration-ms="749" status="PASS">
          <reporter-output>
          </reporter-output>
        </test-method> <!-- quit -->
      </class> <!-- testcases.RegisterPageTestCases -->
    </test> <!-- registerpage test -->
  </suite> <!-- registerpage suite -->
</testng-results>
