<?xml version="1.0" encoding="UTF-8"?>
<!-- Generated by org.testng.reporters.JUnitReportReporter -->
<testsuite hostname="santhoshkumar" failures="1" tests="2" name="runners.TestRunner" time="32.626" errors="0" timestamp="2026-01-16T20:55:09 IST" skipped="0">
  <testcase classname="runners.TestRunner" name="runScenario" time="20.903">
    <failure message="expected [false] but found [true]" type="java.lang.AssertionError">
      <![CDATA[java.lang.AssertionError: expected [false] but found [true]
at org.testng.Assert.fail(Assert.java:111)
at org.testng.Assert.failNotEquals(Assert.java:1590)
at org.testng.Assert.assertEqualsImpl(Assert.java:150)
at org.testng.Assert.assertEquals(Assert.java:132)
at org.testng.Assert.assertEquals(Assert.java:1079)
at org.testng.Assert.assertEquals(Assert.java:1099)
at stepDefinitions.LoginPageTestDefinitions.entersInvalidEmailAndPassword(LoginPageTestDefinitions.java:42)
at ✽.User enters the invalid "kumassr@sandy.com" "Saibaba1@3"(file:///D:/eclipse-workspace/demowebshotautomation/src/test/resources/features/LoginTestFeature.feature:15)
]]>
    </failure>
  </testcase> <!-- runScenario -->
  <testcase classname="runners.TestRunner" name="runScenario" time="11.723"/>
</testsuite> <!-- runners.TestRunner -->
