<?xml version="1.0" encoding="UTF-8"?>
<!-- Generated by org.testng.reporters.JUnitReportReporter -->
<testsuite hostname="santhoshkumar" failures="0" tests="6" name="runners.TestRunner" time="175.905" errors="3" timestamp="2026-01-26T13:48:34 IST" skipped="0">
  <testcase classname="runners.TestRunner" name="runScenario" time="6.243">
    <error message="The step &#039;url to be loaded properly&#039; is undefined.
You can implement this step using the snippet(s) below:

@Given(&quot;url to be loaded properly&quot;)
public void url_to_be_loaded_properly() {
    // Write code here that turns the phrase above into concrete actions
    throw new io.cucumber.java.PendingException();
}
" type="io.cucumber.testng.UndefinedStepException">
      <![CDATA[io.cucumber.testng.UndefinedStepException: The step 'url to be loaded properly' is undefined.
You can implement this step using the snippet(s) below:

@Given("url to be loaded properly")
public void url_to_be_loaded_properly() {
    // Write code here that turns the phrase above into concrete actions
    throw new io.cucumber.java.PendingException();
}

at ✽.url to be loaded properly(file:///D:/eclipse-workspace/demowebshotautomation/src/test/resources/features/RegisterPageTestFeature.feature:5)
]]>
    </error>
  </testcase> <!-- runScenario -->
  <testcase classname="runners.TestRunner" name="runScenario" time="22.238">
    <error message="The step &#039;User has to landed over to the login page&#039; is undefined.
You can implement this step using the snippet(s) below:

@Given(&quot;User has to landed over to the login page&quot;)
public void user_has_to_landed_over_to_the_login_page() {
    // Write code here that turns the phrase above into concrete actions
    throw new io.cucumber.java.PendingException();
}
" type="io.cucumber.testng.UndefinedStepException">
      <![CDATA[io.cucumber.testng.UndefinedStepException: The step 'User has to landed over to the login page' is undefined.
You can implement this step using the snippet(s) below:

@Given("User has to landed over to the login page")
public void user_has_to_landed_over_to_the_login_page() {
    // Write code here that turns the phrase above into concrete actions
    throw new io.cucumber.java.PendingException();
}

at ✽.User has to landed over to the login page(file:///D:/eclipse-workspace/demowebshotautomation/src/test/resources/features/SocialMedia.feature:4)
]]>
    </error>
  </testcase> <!-- runScenario -->
  <testcase classname="runners.TestRunner" name="runScenario" time="7.147"/>
  <testcase classname="runners.TestRunner" name="runScenario" time="7.846"/>
  <testcase classname="runners.TestRunner" name="runScenario" time="6.696">
    <error message="The step &#039;url to be loaded properly&#039; is undefined.
You can implement this step using the snippet(s) below:

@Given(&quot;url to be loaded properly&quot;)
public void url_to_be_loaded_properly() {
    // Write code here that turns the phrase above into concrete actions
    throw new io.cucumber.java.PendingException();
}
" type="io.cucumber.testng.UndefinedStepException">
      <![CDATA[io.cucumber.testng.UndefinedStepException: The step 'url to be loaded properly' is undefined.
You can implement this step using the snippet(s) below:

@Given("url to be loaded properly")
public void url_to_be_loaded_properly() {
    // Write code here that turns the phrase above into concrete actions
    throw new io.cucumber.java.PendingException();
}

at ✽.url to be loaded properly(file:///D:/eclipse-workspace/demowebshotautomation/src/test/resources/features/RegisterPageTestFeature.feature:14)
]]>
    </error>
  </testcase> <!-- runScenario -->
  <testcase classname="runners.TestRunner" name="runScenario" time="125.735"/>
</testsuite> <!-- runners.TestRunner -->
