<?xml version="1.0" encoding="UTF-8"?>
<!-- Generated by org.testng.reporters.JUnitReportReporter -->
<testsuite hostname="santhoshkumar" failures="0" tests="10" name="testcases.RegisterPageTestCases" time="116.036" errors="0" timestamp="2026-02-16T09:20:08 IST" skipped="0">
  <testcase classname="testcases.RegisterPageTestCases" name="registerPageActions" time="13.619"/>
  <testcase classname="testcases.RegisterPageTestCases" name="registerPageActions" time="11.447"/>
  <testcase classname="testcases.RegisterPageTestCases" name="registerPageActions" time="16.412"/>
  <testcase classname="testcases.RegisterPageTestCases" name="registerPageActions" time="8.843"/>
  <testcase classname="testcases.RegisterPageTestCases" name="registerPageActions" time="11.898"/>
  <testcase classname="testcases.RegisterPageTestCases" name="registerPageActions" time="11.799"/>
  <testcase classname="testcases.RegisterPageTestCases" name="registerPageActions" time="11.222"/>
  <testcase classname="testcases.RegisterPageTestCases" name="registerPageActions" time="9.604"/>
  <testcase classname="testcases.RegisterPageTestCases" name="registerPageActions" time="10.850"/>
  <testcase classname="testcases.RegisterPageTestCases" name="registerPageActions" time="10.342"/>
</testsuite> <!-- testcases.RegisterPageTestCases -->
